build/app/outputs/mapping/release/seeds.txt
com.example.bvrit.MainActivity
com.example.bvrit.MainActivity: MainActivity()
...
androidx.appcompat.widget.AppCompatEditText: android.view.ActionMode$Callback getCustomSelectionActionModeCallback()
com.dexterous.flutterlocalnotifications.models.NotificationChannelDetails: java.lang.String GROUP_ID
androidx.vectordrawable.graphics.drawable.VectorDrawableCompat$VFullPath: float getStrokeAlpha()
com.google.android.gms.internal.measurement.zzej: com.google.android.gms.internal.measurement.zzej zza
kotlinx.coroutines.internal.ScopeCoroutine
androidx.window.layout.SidecarCompat: java.util.Map access$getWindowListenerRegisteredContexts$p(androidx.window.layout.SidecarCompat)
androidx.appcompat.widget.ContentFrameLayout: ContentFrameLayout(android.content.Context,android.util.AttributeSet)
kotlinx.coroutines.channels.AbstractSendChannel: java.lang.Object onCloseHandler
com.dexterous.flutterlocalnotifications.FlutterLocalNotificationsPlugin: java.lang.String INVALID_LARGE_ICON_ERROR_CODE
com.journeyapps.barcodescanner.CameraPreview: android.graphics.Rect getPreviewFramingRect()
androidx.window.embedding.ActivityFilter: android.content.ComponentName componentName
androidx.window.layout.ExtensionWindowLayoutInfoBackend$MulticastConsumer: void addListener(androidx.core.util.Consumer)
com.google.android.gms.internal.measurement.zzfy: int zzg
androidx.vectordrawable.graphics.drawable.VectorDrawableCompat$VFullPath: float getTrimPathStart()
androidx.window.layout.SidecarCompat$DistinctElementCallback: SidecarCompat$DistinctElementCallback(androidx.window.layout.ExtensionInterfaceCompat$ExtensionCallbackInterface)
androidx.window.embedding.SplitController: java.util.concurrent.locks.ReentrantLock access$getGlobalLock$cp()
androidx.media.AudioAttributesImplApi26Parcelizer
io.flutter.embedding.engine.FlutterJNI: java.lang.Long nativeShellHolderId
androidx.appcompat.widget.AppCompatCheckBox: void setFilters(android.text.InputFilter[])
com.google.android.datatransport.runtime.backends.TransportBackendDiscovery: TransportBackendDiscovery()
com.dexterous.flutterlocalnotifications.models.NotificationDetails: java.lang.Long millisecondsSinceEpoch
androidx.appcompat.widget.Toolbar: android.view.Menu getMenu()
io.flutter.plugin.editing.ImeSyncDeferringInsetsCallback$AnimationCallback: io.flutter.plugin.editing.ImeSyncDeferringInsetsCallback this$0
com.google.android.gms.internal.measurement.zzej: java.lang.String zzg
com.google.android.gms.internal.measurement.zzfu: java.lang.String zzf
io.flutter.embedding.android.RenderMode: io.flutter.embedding.android.RenderMode valueOf(java.lang.String)
androidx.window.layout.WindowInfoTrackerImpl$windowLayoutInfo$1: android.app.Activity $activity
com.dexterous.flutterlocalnotifications.models.NotificationDetails: java.lang.String subText
io.flutter.embedding.engine.FlutterJNI: void onDisplayPlatformView(int,int,int,int,int,int,int,io.flutter.embedding.engine.mutatorsstack.FlutterMutatorsStack)
kotlin.coroutines.jvm.internal.BaseContinuationImpl: kotlin.coroutines.Continuation getCompletion()
androidx.window.embedding.EmbeddingCompat
com.google.android.gms.internal.measurement.zzfy: java.lang.String zzz
org.threeten.bp.chrono.MinguoEra: org.threeten.bp.chrono.MinguoEra[] values()
com.google.android.gms.internal.measurement.zzgb: int zze
androidx.window.embedding.SplitPairRule: java.util.Set filters
com.google.android.gms.internal.measurement.zzfi: java.lang.String zzl
kotlin.jvm.internal.CallableReference: CallableReference(java.lang.Object,java.lang.Class,java.lang.String,java.lang.String,boolean)
androidx.window.java.layout.WindowInfoTrackerCallbackAdapter$addListener$1$1: int label
kotlinx.coroutines.android.HandlerContext: kotlinx.coroutines.android.HandlerContext _immediate
androidx.core.content.ContextCompat$Api28Impl: java.util.concurrent.Executor getMainExecutor(android.content.Context)
kotlinx.coroutines.JobSupport$Finishing: java.lang.Object _exceptionsHolder
androidx.vectordrawable.graphics.drawable.VectorDrawableCompat$VGroup: void setPivotX(float)