build/app/outputs/mapping/release/mapping.txt
# compiler: R8
# compiler_version: 2.1.62
# min_api: 21
# pg_map_id: db99cc1
# common_typos_disable
...
com.google.android.gms.internal.measurement.zzu -> f.a.a.b.e.e.qe:
    java.util.concurrent.Callable zza -> o
    com.google.android.gms.internal.measurement.zzap zza(com.google.android.gms.internal.measurement.zzg,java.util.List) -> a
com.google.android.gms.internal.measurement.zzv -> f.a.a.b.e.e.re:
    com.google.android.gms.internal.measurement.zzz zza -> o
    com.google.android.gms.internal.measurement.zzap zza(com.google.android.gms.internal.measurement.zzg,java.util.List) -> a
com.google.android.gms.internal.measurement.zzw -> f.a.a.b.e.e.se:
    java.util.Map zza -> p
    com.google.android.gms.internal.measurement.zzj zzb -> o
    com.google.android.gms.internal.measurement.zzap zza(com.google.android.gms.internal.measurement.zzg,java.util.List) -> a
com.google.android.gms.internal.measurement.zzx -> f.a.a.b.e.e.te:
    com.google.android.gms.internal.measurement.zzap zza(com.google.android.gms.internal.measurement.zzg,java.util.List) -> a
com.google.android.gms.internal.measurement.zzy -> f.a.a.b.e.e.ue:
    com.google.android.gms.internal.measurement.zzap zza(com.google.android.gms.internal.measurement.zzg,java.util.List) -> a
com.google.android.gms.internal.measurement.zzz -> f.a.a.b.e.e.ve:
    java.util.TreeMap zzb -> b
    java.util.TreeMap zza -> a
    void zza(java.lang.String,int,com.google.android.gms.internal.measurement.zzao,java.lang.String) -> a
    void zzb(com.google.android.gms.internal.measurement.zzg,com.google.android.gms.internal.measurement.zzab) -> b
    int zzc(com.google.android.gms.internal.measurement.zzg,com.google.android.gms.internal.measurement.zzao,com.google.android.gms.internal.measurement.zzap) -> c
com.google.android.gms.internal.stats.zza -> f.a.a.b.e.f.a:
com.google.android.gms.internal.stats.zzb -> f.a.a.b.e.f.b:
    com.google.android.gms.internal.stats.zzb zza -> m
    com.google.android.gms.internal.stats.zzb zza(boolean,com.google.android.gms.internal.stats.zzc) -> a
com.google.android.gms.internal.stats.zzc -> f.a.a.b.e.f.c:
com.google.android.gms.internal.stats.zzd -> f.a.a.b.e.f.d:
com.google.android.gms.internal.stats.zze -> f.a.a.b.e.f.e:
com.google.android.gms.internal.stats.zzf -> f.a.a.b.e.f.f:
com.google.android.gms.internal.stats.zzg -> f.a.a.b.e.f.g:
com.google.android.gms.internal.stats.zzh -> f.a.a.b.e.f.h:
    com.google.android.gms.internal.stats.zze zza -> a
    com.google.android.gms.internal.stats.zze zzb -> b
    com.google.android.gms.internal.stats.zze zza() -> a
com.google.android.gms.internal.stats.zzi -> f.a.a.b.e.f.i:
com.google.android.gms.internal.tasks.zza -> f.a.a.b.e.g.a:
com.google.android.gms.measurement.AppMeasurement -> com.google.android.gms.measurement.AppMeasurement:
    com.google.android.gms.measurement.zzd zzb -> a
    com.google.android.gms.measurement.AppMeasurement zza -> b
com.google.android.gms.measurement.AppMeasurementJobService -> com.google.android.gms.measurement.AppMeasurementJobService:
    com.google.android.gms.measurement.internal.zzjt zza -> m
    void zza(android.content.Intent) -> a
    boolean zzc(int) -> b
    void zzb(android.app.job.JobParameters,boolean) -> c
    com.google.android.gms.measurement.internal.zzjt zzd() -> d
com.google.android.gms.measurement.AppMeasurementReceiver -> com.google.android.gms.measurement.AppMeasurementReceiver:
    com.google.android.gms.measurement.internal.zzfc zza -> c
    void doStartService(android.content.Context,android.content.Intent) -> a
com.google.android.gms.measurement.AppMeasurementService -> com.google.android.gms.measurement.AppMeasurementService:
    com.google.android.gms.measurement.internal.zzjt zza -> m
    void zza(android.content.Intent) -> a
    boolean zzc(int) -> b
    void zzb(android.app.job.JobParameters,boolean) -> c
    com.google.android.gms.measurement.internal.zzjt zzd() -> d