build/app/outputs/mapping/release/usage.txt
com.example.bvrit.R$animator
com.example.bvrit.R$anim
com.example.bvrit.R$drawable
com.example.bvrit.BuildConfig
com.example.bvrit.R$mipmap
com.example.bvrit.R$raw
com.example.bvrit.R
com.example.bvrit.R$integer
com.example.bvrit.R$xml
com.example.bvrit.R$dimen
com.example.bvrit.R$string
com.example.bvrit.R$attr
com.example.bvrit.R$menu
com.example.bvrit.R$style
com.example.bvrit.R$styleable
com.example.bvrit.R$bool
com.example.bvrit.R$id
com.example.bvrit.R$layout
com.example.bvrit.R$color
com.example.bvrit.R$interpolator
...
androidx.appcompat.widget.AlertDialogLayout:
    public void <init>(android.content.Context)
androidx.media.MediaSessionManagerImplBase
com.google.gson.JsonSyntaxException:
    private static final long serialVersionUID
androidx.core.view.ViewCompat$FocusDirection
androidx.appcompat.view.menu.CascadingMenuPopup$HorizPosition
kotlinx.coroutines.flow.EmptyFlow
com.google.j2objc.annotations.LoopTranslation
com.google.common.primitives.ImmutableLongArray
com.google.zxing.client.result.BizcardResultParser
androidx.annotation.StyleableRes
androidx.emoji2.text.flatbuffer.Utf8Old$Cache
androidx.media.AudioAttributesCompat:
    public static void setForceLegacyBehavior(boolean)
    public int getVolumeControlStream()
    public java.lang.Object unwrap()
    public int getLegacyStreamType()
    public int getContentType()
    public int getUsage()
    public int getFlags()
    int getRawLegacyStreamType()
    private static final java.lang.String TAG
    public static final int CONTENT_TYPE_UNKNOWN
    public static final int CONTENT_TYPE_SPEECH
    public static final int CONTENT_TYPE_MUSIC
    public static final int CONTENT_TYPE_MOVIE
    public static final int CONTENT_TYPE_SONIFICATION
    public static final int USAGE_UNKNOWN
    public static final int USAGE_MEDIA
    public static final int USAGE_VOICE_COMMUNICATION
    public static final int USAGE_VOICE_COMMUNICATION_SIGNALLING
    public static final int USAGE_ALARM
    public static final int USAGE_NOTIFICATION
    public static final int USAGE_NOTIFICATION_RINGTONE
    public static final int USAGE_NOTIFICATION_COMMUNICATION_REQUEST
    public static final int USAGE_NOTIFICATION_COMMUNICATION_INSTANT
    public static final int USAGE_NOTIFICATION_COMMUNICATION_DELAYED
    public static final int USAGE_NOTIFICATION_EVENT
    public static final int USAGE_ASSISTANCE_ACCESSIBILITY
    public static final int USAGE_ASSISTANCE_NAVIGATION_GUIDANCE
    public static final int USAGE_ASSISTANCE_SONIFICATION
    public static final int USAGE_GAME
    static final int USAGE_VIRTUAL_SOURCE
com.google.common.base.Throwables$1
kotlin.collections.CollectionsKt__IterablesKt:
    private static final java.lang.Iterable Iterable(kotlin.jvm.functions.Function0)
    public static final java.lang.Integer collectionSizeOrNull(java.lang.Iterable)
    public static final java.util.List flatten(java.lang.Iterable)
    public static final kotlin.Pair unzip(java.lang.Iterable)
    public void <init>()
com.google.common.collect.StandardTable$Column$EntrySetIterator$1EntryImpl
org.threeten.bp.OffsetTime:
    public static org.threeten.bp.OffsetTime now()
    public static org.threeten.bp.OffsetTime now(org.threeten.bp.ZoneId)
    public static org.threeten.bp.OffsetTime now(org.threeten.bp.Clock)
    public static org.threeten.bp.OffsetTime of(int,int,int,int,org.threeten.bp.ZoneOffset)
    public static org.threeten.bp.OffsetTime ofInstant(org.threeten.bp.Instant,org.threeten.bp.ZoneId)
    public static org.threeten.bp.OffsetTime parse(java.lang.CharSequence)
    public static org.threeten.bp.OffsetTime parse(java.lang.CharSequence,org.threeten.bp.format.DateTimeFormatter)
    public boolean isSupported(org.threeten.bp.temporal.TemporalUnit)
    public org.threeten.bp.OffsetTime withOffsetSameLocal(org.threeten.bp.ZoneOffset)
    public org.threeten.bp.OffsetTime withOffsetSameInstant(org.threeten.bp.ZoneOffset)
    public int getHour()
    public int getMinute()
    public int getSecond()
    public int getNano()
    public org.threeten.bp.OffsetTime withHour(int)
    public org.threeten.bp.OffsetTime withMinute(int)
    public org.threeten.bp.OffsetTime withSecond(int)
    public org.threeten.bp.OffsetTime withNano(int)
    public org.threeten.bp.OffsetTime truncatedTo(org.threeten.bp.temporal.TemporalUnit)
    public org.threeten.bp.OffsetTime plus(org.threeten.bp.temporal.TemporalAmount)
    public org.threeten.bp.OffsetTime plusHours(long)
    public org.threeten.bp.OffsetTime plusMinutes(long)